This is pdfTeX, Version 3.1415926-2.5-1.40.14 (TeX Live 2013/Debian) (format=pdflatex 2016.10.23)  29 OCT 2016 18:46
entering extended mode
 restricted \write18 enabled.
 %&-line parsing enabled.
**relatorio.tex
(./relatorio.tex
LaTeX2e <2011/06/27>
Babel <3.9h> and hyphenation patterns for 2 languages loaded.
(/usr/share/texlive/texmf-dist/tex/latex/base/article.cls
Document Class: article 2007/10/19 v1.4h Standard LaTeX document class
(/usr/share/texlive/texmf-dist/tex/latex/base/size10.clo
File: size10.clo 2007/10/19 v1.4h Standard LaTeX file (size option)
)
\c@part=\count79
\c@section=\count80
\c@subsection=\count81
\c@subsubsection=\count82
\c@paragraph=\count83
\c@subparagraph=\count84
\c@figure=\count85
\c@table=\count86
\abovecaptionskip=\skip41
\belowcaptionskip=\skip42
\bibindent=\dimen102
)
(/usr/share/texlive/texmf-dist/tex/latex/base/inputenc.sty
Package: inputenc 2008/03/30 v1.1d Input encoding file
\inpenc@prehook=\toks14
\inpenc@posthook=\toks15

(/usr/share/texlive/texmf-dist/tex/latex/base/utf8.def
File: utf8.def 2008/04/05 v1.1m UTF-8 support for inputenc
Now handling font encoding OML ...
... no UTF-8 mapping file for font encoding OML
Now handling font encoding T1 ...
... processing UTF-8 mapping file for font encoding T1

(/usr/share/texlive/texmf-dist/tex/latex/base/t1enc.dfu
File: t1enc.dfu 2008/04/05 v1.1m UTF-8 support for inputenc
   defining Unicode char U+00A1 (decimal 161)
   defining Unicode char U+00A3 (decimal 163)
   defining Unicode char U+00AB (decimal 171)
   defining Unicode char U+00BB (decimal 187)
   defining Unicode char U+00BF (decimal 191)
   defining Unicode char U+00C0 (decimal 192)
   defining Unicode char U+00C1 (decimal 193)
   defining Unicode char U+00C2 (decimal 194)
   defining Unicode char U+00C3 (decimal 195)
   defining Unicode char U+00C4 (decimal 196)
   defining Unicode char U+00C5 (decimal 197)
   defining Unicode char U+00C6 (decimal 198)
   defining Unicode char U+00C7 (decimal 199)
   defining Unicode char U+00C8 (decimal 200)
   defining Unicode char U+00C9 (decimal 201)
   defining Unicode char U+00CA (decimal 202)
   defining Unicode char U+00CB (decimal 203)
   defining Unicode char U+00CC (decimal 204)
   defining Unicode char U+00CD (decimal 205)
   defining Unicode char U+00CE (decimal 206)
   defining Unicode char U+00CF (decimal 207)
   defining Unicode char U+00D0 (decimal 208)
   defining Unicode char U+00D1 (decimal 209)
   defining Unicode char U+00D2 (decimal 210)
   defining Unicode char U+00D3 (decimal 211)
   defining Unicode char U+00D4 (decimal 212)
   defining Unicode char U+00D5 (decimal 213)
   defining Unicode char U+00D6 (decimal 214)
   defining Unicode char U+00D8 (decimal 216)
   defining Unicode char U+00D9 (decimal 217)
   defining Unicode char U+00DA (decimal 218)
   defining Unicode char U+00DB (decimal 219)
   defining Unicode char U+00DC (decimal 220)
   defining Unicode char U+00DD (decimal 221)
   defining Unicode char U+00DE (decimal 222)
   defining Unicode char U+00DF (decimal 223)
   defining Unicode char U+00E0 (decimal 224)
   defining Unicode char U+00E1 (decimal 225)
   defining Unicode char U+00E2 (decimal 226)
   defining Unicode char U+00E3 (decimal 227)
   defining Unicode char U+00E4 (decimal 228)
   defining Unicode char U+00E5 (decimal 229)
   defining Unicode char U+00E6 (decimal 230)
   defining Unicode char U+00E7 (decimal 231)
   defining Unicode char U+00E8 (decimal 232)
   defining Unicode char U+00E9 (decimal 233)
   defining Unicode char U+00EA (decimal 234)
   defining Unicode char U+00EB (decimal 235)
   defining Unicode char U+00EC (decimal 236)
   defining Unicode char U+00ED (decimal 237)
   defining Unicode char U+00EE (decimal 238)
   defining Unicode char U+00EF (decimal 239)
   defining Unicode char U+00F0 (decimal 240)
   defining Unicode char U+00F1 (decimal 241)
   defining Unicode char U+00F2 (decimal 242)
   defining Unicode char U+00F3 (decimal 243)
   defining Unicode char U+00F4 (decimal 244)
   defining Unicode char U+00F5 (decimal 245)
   defining Unicode char U+00F6 (decimal 246)
   defining Unicode char U+00F8 (decimal 248)
   defining Unicode char U+00F9 (decimal 249)
   defining Unicode char U+00FA (decimal 250)
   defining Unicode char U+00FB (decimal 251)
   defining Unicode char U+00FC (decimal 252)
   defining Unicode char U+00FD (decimal 253)
   defining Unicode char U+00FE (decimal 254)
   defining Unicode char U+00FF (decimal 255)
   defining Unicode char U+0102 (decimal 258)
   defining Unicode char U+0103 (decimal 259)
   defining Unicode char U+0104 (decimal 260)
   defining Unicode char U+0105 (decimal 261)
   defining Unicode char U+0106 (decimal 262)
   defining Unicode char U+0107 (decimal 263)
   defining Unicode char U+010C (decimal 268)
   defining Unicode char U+010D (decimal 269)
   defining Unicode char U+010E (decimal 270)
   defining Unicode char U+010F (decimal 271)
   defining Unicode char U+0110 (decimal 272)
   defining Unicode char U+0111 (decimal 273)
   defining Unicode char U+0118 (decimal 280)
   defining Unicode char U+0119 (decimal 281)
   defining Unicode char U+011A (decimal 282)
   defining Unicode char U+011B (decimal 283)
   defining Unicode char U+011E (decimal 286)
   defining Unicode char U+011F (decimal 287)
   defining Unicode char U+0130 (decimal 304)
   defining Unicode char U+0131 (decimal 305)
   defining Unicode char U+0132 (decimal 306)
   defining Unicode char U+0133 (decimal 307)
   defining Unicode char U+0139 (decimal 313)
   defining Unicode char U+013A (decimal 314)
   defining Unicode char U+013D (decimal 317)
   defining Unicode char U+013E (decimal 318)
   defining Unicode char U+0141 (decimal 321)
   defining Unicode char U+0142 (decimal 322)
   defining Unicode char U+0143 (decimal 323)
   defining Unicode char U+0144 (decimal 324)
   defining Unicode char U+0147 (decimal 327)
   defining Unicode char U+0148 (decimal 328)
   defining Unicode char U+014A (decimal 330)
   defining Unicode char U+014B (decimal 331)
   defining Unicode char U+0150 (decimal 336)
   defining Unicode char U+0151 (decimal 337)
   defining Unicode char U+0152 (decimal 338)
   defining Unicode char U+0153 (decimal 339)
   defining Unicode char U+0154 (decimal 340)
   defining Unicode char U+0155 (decimal 341)
   defining Unicode char U+0158 (decimal 344)
   defining Unicode char U+0159 (decimal 345)
   defining Unicode char U+015A (decimal 346)
   defining Unicode char U+015B (decimal 347)
   defining Unicode char U+015E (decimal 350)
   defining Unicode char U+015F (decimal 351)
   defining Unicode char U+0160 (decimal 352)
   defining Unicode char U+0161 (decimal 353)
   defining Unicode char U+0162 (decimal 354)
   defining Unicode char U+0163 (decimal 355)
   defining Unicode char U+0164 (decimal 356)
   defining Unicode char U+0165 (decimal 357)
   defining Unicode char U+016E (decimal 366)
   defining Unicode char U+016F (decimal 367)
   defining Unicode char U+0170 (decimal 368)
   defining Unicode char U+0171 (decimal 369)
   defining Unicode char U+0178 (decimal 376)
   defining Unicode char U+0179 (decimal 377)
   defining Unicode char U+017A (decimal 378)
   defining Unicode char U+017B (decimal 379)
   defining Unicode char U+017C (decimal 380)
   defining Unicode char U+017D (decimal 381)
   defining Unicode char U+017E (decimal 382)
   defining Unicode char U+200C (decimal 8204)
   defining Unicode char U+2013 (decimal 8211)
   defining Unicode char U+2014 (decimal 8212)
   defining Unicode char U+2018 (decimal 8216)
   defining Unicode char U+2019 (decimal 8217)
   defining Unicode char U+201A (decimal 8218)
   defining Unicode char U+201C (decimal 8220)
   defining Unicode char U+201D (decimal 8221)
   defining Unicode char U+201E (decimal 8222)
   defining Unicode char U+2030 (decimal 8240)
   defining Unicode char U+2031 (decimal 8241)
   defining Unicode char U+2039 (decimal 8249)
   defining Unicode char U+203A (decimal 8250)
   defining Unicode char U+2423 (decimal 9251)
)
Now handling font encoding OT1 ...
... processing UTF-8 mapping file for font encoding OT1

(/usr/share/texlive/texmf-dist/tex/latex/base/ot1enc.dfu
File: ot1enc.dfu 2008/04/05 v1.1m UTF-8 support for inputenc
   defining Unicode char U+00A1 (decimal 161)
   defining Unicode char U+00A3 (decimal 163)
   defining Unicode char U+00B8 (decimal 184)
   defining Unicode char U+00BF (decimal 191)
   defining Unicode char U+00C5 (decimal 197)
   defining Unicode char U+00C6 (decimal 198)
   defining Unicode char U+00D8 (decimal 216)
   defining Unicode char U+00DF (decimal 223)
   defining Unicode char U+00E6 (decimal 230)
   defining Unicode char U+00EC (decimal 236)
   defining Unicode char U+00ED (decimal 237)
   defining Unicode char U+00EE (decimal 238)
   defining Unicode char U+00EF (decimal 239)
   defining Unicode char U+00F8 (decimal 248)
   defining Unicode char U+0131 (decimal 305)
   defining Unicode char U+0141 (decimal 321)
   defining Unicode char U+0142 (decimal 322)
   defining Unicode char U+0152 (decimal 338)
   defining Unicode char U+0153 (decimal 339)
   defining Unicode char U+2013 (decimal 8211)
   defining Unicode char U+2014 (decimal 8212)
   defining Unicode char U+2018 (decimal 8216)
   defining Unicode char U+2019 (decimal 8217)
   defining Unicode char U+201C (decimal 8220)
   defining Unicode char U+201D (decimal 8221)
)
Now handling font encoding OMS ...
... processing UTF-8 mapping file for font encoding OMS

(/usr/share/texlive/texmf-dist/tex/latex/base/omsenc.dfu
File: omsenc.dfu 2008/04/05 v1.1m UTF-8 support for inputenc
   defining Unicode char U+00A7 (decimal 167)
   defining Unicode char U+00B6 (decimal 182)
   defining Unicode char U+00B7 (decimal 183)
   defining Unicode char U+2020 (decimal 8224)
   defining Unicode char U+2021 (decimal 8225)
   defining Unicode char U+2022 (decimal 8226)
)
Now handling font encoding OMX ...
... no UTF-8 mapping file for font encoding OMX
Now handling font encoding U ...
... no UTF-8 mapping file for font encoding U
   defining Unicode char U+00A9 (decimal 169)
   defining Unicode char U+00AA (decimal 170)
   defining Unicode char U+00AE (decimal 174)
   defining Unicode char U+00BA (decimal 186)
   defining Unicode char U+02C6 (decimal 710)
   defining Unicode char U+02DC (decimal 732)
   defining Unicode char U+200C (decimal 8204)
   defining Unicode char U+2026 (decimal 8230)
   defining Unicode char U+2122 (decimal 8482)
   defining Unicode char U+2423 (decimal 9251)
))
(/usr/share/texlive/texmf-dist/tex/latex/amsfonts/amssymb.sty
Package: amssymb 2013/01/14 v3.01 AMS font symbols

(/usr/share/texlive/texmf-dist/tex/latex/amsfonts/amsfonts.sty
Package: amsfonts 2013/01/14 v3.01 Basic AMSFonts support
\@emptytoks=\toks16
\symAMSa=\mathgroup4
\symAMSb=\mathgroup5
LaTeX Font Info:    Overwriting math alphabet `\mathfrak' in version `bold'
(Font)                  U/euf/m/n --> U/euf/b/n on input line 106.
))
(/usr/share/texlive/texmf-dist/tex/latex/amsmath/amsmath.sty
Package: amsmath 2013/01/14 v2.14 AMS math features
\@mathmargin=\skip43

For additional information on amsmath, use the `?' option.
(/usr/share/texlive/texmf-dist/tex/latex/amsmath/amstext.sty
Package: amstext 2000/06/29 v2.01

(/usr/share/texlive/texmf-dist/tex/latex/amsmath/amsgen.sty
File: amsgen.sty 1999/11/30 v2.0
\@emptytoks=\toks17
\ex@=\dimen103
))
(/usr/share/texlive/texmf-dist/tex/latex/amsmath/amsbsy.sty
Package: amsbsy 1999/11/29 v1.2d
\pmbraise@=\dimen104
)
(/usr/share/texlive/texmf-dist/tex/latex/amsmath/amsopn.sty
Package: amsopn 1999/12/14 v2.01 operator names
)
\inf@bad=\count87
LaTeX Info: Redefining \frac on input line 210.
\uproot@=\count88
\leftroot@=\count89
LaTeX Info: Redefining \overline on input line 306.
\classnum@=\count90
\DOTSCASE@=\count91
LaTeX Info: Redefining \ldots on input line 378.
LaTeX Info: Redefining \dots on input line 381.
LaTeX Info: Redefining \cdots on input line 466.
\Mathstrutbox@=\box26
\strutbox@=\box27
\big@size=\dimen105
LaTeX Font Info:    Redeclaring font encoding OML on input line 566.
LaTeX Font Info:    Redeclaring font encoding OMS on input line 567.
\macc@depth=\count92
\c@MaxMatrixCols=\count93
\dotsspace@=\muskip10
\c@parentequation=\count94
\dspbrk@lvl=\count95
\tag@help=\toks18
\row@=\count96
\column@=\count97
\maxfields@=\count98
\andhelp@=\toks19
\eqnshift@=\dimen106
\alignsep@=\dimen107
\tagshift@=\dimen108
\tagwidth@=\dimen109
\totwidth@=\dimen110
\lineht@=\dimen111
\@envbody=\toks20
\multlinegap=\skip44
\multlinetaggap=\skip45
\mathdisplay@stack=\toks21
LaTeX Info: Redefining \[ on input line 2665.
LaTeX Info: Redefining \] on input line 2666.
)
(/usr/share/texlive/texmf-dist/tex/latex/tools/indentfirst.sty
Package: indentfirst 1995/11/23 v1.03 Indent first paragraph (DPC)
)
(/usr/share/texlive/texmf-dist/tex/latex/graphics/graphicx.sty
Package: graphicx 1999/02/16 v1.0f Enhanced LaTeX Graphics (DPC,SPQR)

(/usr/share/texlive/texmf-dist/tex/latex/graphics/keyval.sty
Package: keyval 1999/03/16 v1.13 key=value parser (DPC)
\KV@toks@=\toks22
)
(/usr/share/texlive/texmf-dist/tex/latex/graphics/graphics.sty
Package: graphics 2009/02/05 v1.0o Standard LaTeX Graphics (DPC,SPQR)

(/usr/share/texlive/texmf-dist/tex/latex/graphics/trig.sty
Package: trig 1999/03/16 v1.09 sin cos tan (DPC)
)
(/usr/share/texlive/texmf-dist/tex/latex/latexconfig/graphics.cfg
File: graphics.cfg 2010/04/23 v1.9 graphics configuration of TeX Live
)
Package graphics Info: Driver file: pdftex.def on input line 91.

(/usr/share/texlive/texmf-dist/tex/latex/pdftex-def/pdftex.def
File: pdftex.def 2011/05/27 v0.06d Graphics/color for pdfTeX

(/usr/share/texlive/texmf-dist/tex/generic/oberdiek/infwarerr.sty
Package: infwarerr 2010/04/08 v1.3 Providing info/warning/error messages (HO)
)
(/usr/share/texlive/texmf-dist/tex/generic/oberdiek/ltxcmds.sty
Package: ltxcmds 2011/11/09 v1.22 LaTeX kernel commands for general use (HO)
)
\Gread@gobject=\count99
))
\Gin@req@height=\dimen112
\Gin@req@width=\dimen113
)
(/usr/share/texlive/texmf-dist/tex/latex/caption/caption.sty
Package: caption 2013/05/02 v3.3-89 Customizing captions (AR)

(/usr/share/texlive/texmf-dist/tex/latex/caption/caption3.sty
Package: caption3 2013/05/02 v1.6-88 caption3 kernel (AR)
Package caption3 Info: TeX engine: e-TeX on input line 57.
\captionmargin=\dimen114
\captionmargin@=\dimen115
\captionwidth=\dimen116
\caption@tempdima=\dimen117
\caption@indent=\dimen118
\caption@parindent=\dimen119
\caption@hangindent=\dimen120
)
\c@ContinuedFloat=\count100
)
(/usr/share/texlive/texmf-dist/tex/latex/float/float.sty
Package: float 2001/11/08 v1.3d Float enhancements (AL)
\c@float@type=\count101
\float@exts=\toks23
\float@box=\box28
\@float@everytoks=\toks24
\@floatcapt=\box29
) (./relatorio.aux)
\openout1 = `relatorio.aux'.

LaTeX Font Info:    Checking defaults for OML/cmm/m/it on input line 16.
LaTeX Font Info:    ... okay on input line 16.
LaTeX Font Info:    Checking defaults for T1/cmr/m/n on input line 16.
LaTeX Font Info:    ... okay on input line 16.
LaTeX Font Info:    Checking defaults for OT1/cmr/m/n on input line 16.
LaTeX Font Info:    ... okay on input line 16.
LaTeX Font Info:    Checking defaults for OMS/cmsy/m/n on input line 16.
LaTeX Font Info:    ... okay on input line 16.
LaTeX Font Info:    Checking defaults for OMX/cmex/m/n on input line 16.
LaTeX Font Info:    ... okay on input line 16.
LaTeX Font Info:    Checking defaults for U/cmr/m/n on input line 16.
LaTeX Font Info:    ... okay on input line 16.

(/usr/share/texlive/texmf-dist/tex/context/base/supp-pdf.mkii
[Loading MPS to PDF converter (version 2006.09.02).]
\scratchcounter=\count102
\scratchdimen=\dimen121
\scratchbox=\box30
\nofMPsegments=\count103
\nofMParguments=\count104
\everyMPshowfont=\toks25
\MPscratchCnt=\count105
\MPscratchDim=\dimen122
\MPnumerator=\count106
\makeMPintoPDFobject=\count107
\everyMPtoPDFconversion=\toks26
) (/usr/share/texlive/texmf-dist/tex/generic/oberdiek/pdftexcmds.sty
Package: pdftexcmds 2011/11/29 v0.20 Utility functions of pdfTeX for LuaTeX (HO
)

(/usr/share/texlive/texmf-dist/tex/generic/oberdiek/ifluatex.sty
Package: ifluatex 2010/03/01 v1.3 Provides the ifluatex switch (HO)
Package ifluatex Info: LuaTeX not detected.
)
(/usr/share/texlive/texmf-dist/tex/generic/oberdiek/ifpdf.sty
Package: ifpdf 2011/01/30 v2.3 Provides the ifpdf switch (HO)
Package ifpdf Info: pdfTeX in PDF mode is detected.
)
Package pdftexcmds Info: LuaTeX not detected.
Package pdftexcmds Info: \pdf@primitive is available.
Package pdftexcmds Info: \pdf@ifprimitive is available.
Package pdftexcmds Info: \pdfdraftmode found.
)
(/usr/share/texlive/texmf-dist/tex/latex/oberdiek/epstopdf-base.sty
Package: epstopdf-base 2010/02/09 v2.5 Base part for package epstopdf

(/usr/share/texlive/texmf-dist/tex/latex/oberdiek/grfext.sty
Package: grfext 2010/08/19 v1.1 Manage graphics extensions (HO)

(/usr/share/texlive/texmf-dist/tex/generic/oberdiek/kvdefinekeys.sty
Package: kvdefinekeys 2011/04/07 v1.3 Define keys (HO)
))
(/usr/share/texlive/texmf-dist/tex/latex/oberdiek/kvoptions.sty
Package: kvoptions 2011/06/30 v3.11 Key value format for package options (HO)

(/usr/share/texlive/texmf-dist/tex/generic/oberdiek/kvsetkeys.sty
Package: kvsetkeys 2012/04/25 v1.16 Key value parser (HO)

(/usr/share/texlive/texmf-dist/tex/generic/oberdiek/etexcmds.sty
Package: etexcmds 2011/02/16 v1.5 Avoid name clashes with e-TeX commands (HO)
Package etexcmds Info: Could not find \expanded.
(etexcmds)             That can mean that you are not using pdfTeX 1.50 or
(etexcmds)             that some package has redefined \expanded.
(etexcmds)             In the latter case, load this package earlier.
)))
Package grfext Info: Graphics extension search list:
(grfext)             [.png,.pdf,.jpg,.mps,.jpeg,.jbig2,.jb2,.PNG,.PDF,.JPG,.JPE
G,.JBIG2,.JB2,.eps]
(grfext)             \AppendGraphicsExtensions on input line 452.

(/usr/share/texlive/texmf-dist/tex/latex/latexconfig/epstopdf-sys.cfg
File: epstopdf-sys.cfg 2010/07/13 v1.3 Configuration of (r)epstopdf for TeX Liv
e
))
Package caption Info: Begin \AtBeginDocument code.
Package caption Info: float package is loaded.
Package caption Info: End \AtBeginDocument code.

Underfull \hbox (badness 10000) in paragraph at lines 24--28

 []

[1

{/var/lib/texmf/fonts/map/pdftex/updmap/pdftex.map}] [2] (./relatorio.toc
LaTeX Font Info:    Try loading font information for U+msa on input line 3.

(/usr/share/texlive/texmf-dist/tex/latex/amsfonts/umsa.fd
File: umsa.fd 2013/01/14 v3.01 AMS symbols A
)
LaTeX Font Info:    Try loading font information for U+msb on input line 3.

(/usr/share/texlive/texmf-dist/tex/latex/amsfonts/umsb.fd
File: umsb.fd 2013/01/14 v3.01 AMS symbols B
))
\tf@toc=\write3
\openout3 = `relatorio.toc'.

 [1]
Overfull \hbox (9.74355pt too wide) in paragraph at lines 41--42
\OT1/cmr/m/n/10 (\OML/cmm/m/it/10 x[]; y[]\OT1/cmr/m/n/10 )\OML/cmm/m/it/10 ; \
OT1/cmr/m/n/10 (\OML/cmm/m/it/10 x[]; y[]\OT1/cmr/m/n/10 )\OML/cmm/m/it/10 ; \O
T1/cmr/m/n/10 (\OML/cmm/m/it/10 x[]; y[]\OT1/cmr/m/n/10 )\OML/cmm/m/it/10 ; \OT
1/cmr/m/n/10 (\OML/cmm/m/it/10 x[]; y[]\OT1/cmr/m/n/10 )$, re-spec-ti-va-mente 
onde $\OML/cmm/m/it/10 x[]; x[]; y[]; y[] \OMS/cmsy/m/n/10 2
 []

[2] [3] <image_test//zoo/1.jpg, id=28, 404.51125pt x 404.51125pt>
File: image_test//zoo/1.jpg Graphic file (type jpg)

<use image_test//zoo/1.jpg>
Package pdftex.def Info: image_test//zoo/1.jpg used on input line 166.
(pdftex.def)             Requested size: 100.37537pt x 100.37453pt.

<out_test//zoo/decompressed_1.png, id=29, 404.51125pt x 404.51125pt>
File: out_test//zoo/decompressed_1.png Graphic file (type png)

<use out_test//zoo/decompressed_1.png>
Package pdftex.def Info: out_test//zoo/decompressed_1.png used on input line 16
7.
(pdftex.def)             Requested size: 100.37537pt x 100.37453pt.
 [4]
<image_test//zoo/2.jpg, id=35, 404.51125pt x 404.51125pt>
File: image_test//zoo/2.jpg Graphic file (type jpg)

<use image_test//zoo/2.jpg>
Package pdftex.def Info: image_test//zoo/2.jpg used on input line 176.
(pdftex.def)             Requested size: 100.37537pt x 100.37453pt.

<out_test//zoo/decompressed_2.png, id=36, 404.51125pt x 404.51125pt>
File: out_test//zoo/decompressed_2.png Graphic file (type png)

<use out_test//zoo/decompressed_2.png>
Package pdftex.def Info: out_test//zoo/decompressed_2.png used on input line 17
7.
(pdftex.def)             Requested size: 100.37537pt x 100.37453pt.

<image_test//zoo/3.jpg, id=37, 404.51125pt x 404.51125pt>
File: image_test//zoo/3.jpg Graphic file (type jpg)

<use image_test//zoo/3.jpg>
Package pdftex.def Info: image_test//zoo/3.jpg used on input line 185.
(pdftex.def)             Requested size: 100.37537pt x 100.37453pt.

<out_test//zoo/decompressed_3.png, id=38, 404.51125pt x 404.51125pt>
File: out_test//zoo/decompressed_3.png Graphic file (type png)

<use out_test//zoo/decompressed_3.png>
Package pdftex.def Info: out_test//zoo/decompressed_3.png used on input line 18
6.
(pdftex.def)             Requested size: 100.37537pt x 100.37453pt.
 [5 <./image_test//zoo/1.jpg> <./out_test//zoo/decompressed_1.png (PNG copy)> <
./image_test//zoo/2.jpg> <./out_test//zoo/decompressed_2.png (PNG copy)>]
<image_test//zoo/4.jpg, id=43, 404.51125pt x 404.51125pt>
File: image_test//zoo/4.jpg Graphic file (type jpg)

<use image_test//zoo/4.jpg>
Package pdftex.def Info: image_test//zoo/4.jpg used on input line 195.
(pdftex.def)             Requested size: 100.37537pt x 100.37453pt.

<out_test//zoo/decompressed_4.png, id=44, 404.51125pt x 404.51125pt>
File: out_test//zoo/decompressed_4.png Graphic file (type png)

<use out_test//zoo/decompressed_4.png>
Package pdftex.def Info: out_test//zoo/decompressed_4.png used on input line 19
6.
(pdftex.def)             Requested size: 100.37537pt x 100.37453pt.

<image_test//zoo/5.jpg, id=45, 404.51125pt x 404.51125pt>
File: image_test//zoo/5.jpg Graphic file (type jpg)

<use image_test//zoo/5.jpg>
Package pdftex.def Info: image_test//zoo/5.jpg used on input line 204.
(pdftex.def)             Requested size: 100.37537pt x 100.37453pt.

<out_test//zoo/decompressed_5.png, id=46, 404.51125pt x 404.51125pt>
File: out_test//zoo/decompressed_5.png Graphic file (type png)

<use out_test//zoo/decompressed_5.png>
Package pdftex.def Info: out_test//zoo/decompressed_5.png used on input line 20
5.
(pdftex.def)             Requested size: 100.37537pt x 100.37453pt.
 [6 <./image_test//zoo/3.jpg> <./out_test//zoo/decompressed_3.png (PNG copy)> <
./image_test//zoo/4.jpg> <./out_test//zoo/decompressed_4.png (PNG copy)> <./ima
ge_test//zoo/5.jpg> <./out_test//zoo/decompressed_5.png (PNG copy)>]
<image_test//zoo/6.jpg, id=50, 404.51125pt x 404.51125pt>
File: image_test//zoo/6.jpg Graphic file (type jpg)

<use image_test//zoo/6.jpg>
Package pdftex.def Info: image_test//zoo/6.jpg used on input line 213.
(pdftex.def)             Requested size: 100.37537pt x 100.37453pt.

<out_test//zoo/decompressed_6.png, id=51, 404.51125pt x 404.51125pt>
File: out_test//zoo/decompressed_6.png Graphic file (type png)

<use out_test//zoo/decompressed_6.png>
Package pdftex.def Info: out_test//zoo/decompressed_6.png used on input line 21
4.
(pdftex.def)             Requested size: 100.37537pt x 100.37453pt.

<image_test//zoo/k7.jpg, id=52, 233.87375pt x 233.87375pt>
File: image_test//zoo/k7.jpg Graphic file (type jpg)

<use image_test//zoo/k7.jpg>
Package pdftex.def Info: image_test//zoo/k7.jpg used on input line 223.
(pdftex.def)             Requested size: 100.37537pt x 100.3746pt.

<out_test//zoo/decompressed_k7.png, id=53, 233.87375pt x 233.87375pt>
File: out_test//zoo/decompressed_k7.png Graphic file (type png)

<use out_test//zoo/decompressed_k7.png>
Package pdftex.def Info: out_test//zoo/decompressed_k7.png used on input line 2
24.
(pdftex.def)             Requested size: 100.37537pt x 100.3746pt.
 [7 <./image_test//zoo/6.jpg> <./out_test//zoo/decompressed_6.png (PNG copy)> <
./image_test//zoo/k7.jpg> <./out_test//zoo/decompressed_k7.png (PNG copy)>]
File: image_test//zoo/k7.jpg Graphic file (type jpg)
 <use image_test//zoo/k7.jpg>
Package pdftex.def Info: image_test//zoo/k7.jpg used on input line 232.
(pdftex.def)             Requested size: 100.37537pt x 100.3746pt.

<out_test//zoo/decompressed_k1-3.png, id=57, 233.87375pt x 233.87375pt>
File: out_test//zoo/decompressed_k1-3.png Graphic file (type png)

<use out_test//zoo/decompressed_k1-3.png>
Package pdftex.def Info: out_test//zoo/decompressed_k1-3.png used on input line
 233.
(pdftex.def)             Requested size: 100.37537pt x 100.3746pt.

<image_test//jungle/image01.jpg, id=58, 496.85625pt x 496.85625pt>
File: image_test//jungle/image01.jpg Graphic file (type jpg)

<use image_test//jungle/image01.jpg>
Package pdftex.def Info: image_test//jungle/image01.jpg used on input line 244.

(pdftex.def)             Requested size: 100.37537pt x 100.37022pt.

<out_test//jungle/decompressed_11.png, id=59, 496.85625pt x 496.85625pt>
File: out_test//jungle/decompressed_11.png Graphic file (type png)

<use out_test//jungle/decompressed_11.png>
Package pdftex.def Info: out_test//jungle/decompressed_11.png used on input lin
e 245.
(pdftex.def)             Requested size: 100.37537pt x 100.37022pt.

<image_test//jungle/image02.jpg, id=60, 496.85625pt x 496.85625pt>
File: image_test//jungle/image02.jpg Graphic file (type jpg)

<use image_test//jungle/image02.jpg>
Package pdftex.def Info: image_test//jungle/image02.jpg used on input line 251.

(pdftex.def)             Requested size: 100.37537pt x 100.37022pt.

<out_test//jungle/decompressed_12.png, id=61, 496.85625pt x 496.85625pt>
File: out_test//jungle/decompressed_12.png Graphic file (type png)

<use out_test//jungle/decompressed_12.png>
Package pdftex.def Info: out_test//jungle/decompressed_12.png used on input lin
e 252.
(pdftex.def)             Requested size: 100.37537pt x 100.37022pt.
 [8 <./out_test//zoo/decompressed_k1-3.png (PNG copy)> <./image_test//jungle/im
age01.jpg> <./out_test//jungle/decompressed_11.png (PNG copy)>]
<image_test//jungle/image03.jpg, id=65, 496.85625pt x 496.85625pt>
File: image_test//jungle/image03.jpg Graphic file (type jpg)

<use image_test//jungle/image03.jpg>
Package pdftex.def Info: image_test//jungle/image03.jpg used on input line 258.

(pdftex.def)             Requested size: 100.37537pt x 100.37022pt.

<out_test//jungle/decompressed_13.png, id=66, 496.85625pt x 496.85625pt>
File: out_test//jungle/decompressed_13.png Graphic file (type png)

<use out_test//jungle/decompressed_13.png>
Package pdftex.def Info: out_test//jungle/decompressed_13.png used on input lin
e 259.
(pdftex.def)             Requested size: 100.37537pt x 100.37022pt.

<image_test//jungle/image04.jpg, id=67, 119.2455pt x 119.2455pt>
File: image_test//jungle/image04.jpg Graphic file (type jpg)

<use image_test//jungle/image04.jpg>
Package pdftex.def Info: image_test//jungle/image04.jpg used on input line 265.

(pdftex.def)             Requested size: 100.37537pt x 100.37659pt.

<out_test//jungle/decompressed_14.png, id=68, 496.85625pt x 496.85625pt>
File: out_test//jungle/decompressed_14.png Graphic file (type png)

<use out_test//jungle/decompressed_14.png>
Package pdftex.def Info: out_test//jungle/decompressed_14.png used on input lin
e 266.
(pdftex.def)             Requested size: 100.37537pt x 100.37022pt.

<image_test//jungle/image01-k7.jpg, id=69, 490.83376pt x 490.83376pt>
File: image_test//jungle/image01-k7.jpg Graphic file (type jpg)

<use image_test//jungle/image01-k7.jpg>
Package pdftex.def Info: image_test//jungle/image01-k7.jpg used on input line 2
74.
(pdftex.def)             Requested size: 100.37537pt x 100.3744pt.

<out_test//jungle/decompressed_1-k7-h1.png, id=70, 490.83376pt x 490.83376pt>
File: out_test//jungle/decompressed_1-k7-h1.png Graphic file (type png)

<use out_test//jungle/decompressed_1-k7-h1.png>
Package pdftex.def Info: out_test//jungle/decompressed_1-k7-h1.png used on inpu
t line 275.
(pdftex.def)             Requested size: 100.37537pt x 100.3744pt.

<out_test//jungle/decompressed_1-k1-3-h1.png, id=71, 490.83376pt x 490.83376pt>
File: out_test//jungle/decompressed_1-k1-3-h1.png Graphic file (type png)
<use out_test//jungle/decompressed_1-k1-3-h1.png>
Package pdftex.def Info: out_test//jungle/decompressed_1-k1-3-h1.png used on in
put line 276.
(pdftex.def)             Requested size: 100.37537pt x 100.3744pt.
 [9 <./image_test//jungle/image02.jpg> <./out_test//jungle/decompressed_12.png 
(PNG copy)> <./image_test//jungle/image03.jpg> <./out_test//jungle/decompressed
_13.png (PNG copy)> <./image_test//jungle/image04.jpg> <./out_test//jungle/deco
mpressed_14.png (PNG copy)>]
[10 <./image_test//jungle/image01-k7.jpg> <./out_test//jungle/decompressed_1-k7
-h1.png (PNG copy)> <./out_test//jungle/decompressed_1-k1-3-h1.png (PNG copy)>]
[11]
File: image_test//zoo/1.jpg Graphic file (type jpg)
 <use image_test//zoo/1.jpg>
Package pdftex.def Info: image_test//zoo/1.jpg used on input line 294.
(pdftex.def)             Requested size: 100.37537pt x 100.37453pt.

<out_test//zoo/decompressed_21-h10^-4.png, id=82, 404.51125pt x 404.51125pt>
File: out_test//zoo/decompressed_21-h10^-4.png Graphic file (type png)

<use out_test//zoo/decompressed_21-h10^-4.png>
Package pdftex.def Info: out_test//zoo/decompressed_21-h10^-4.png used on input
 line 295.
(pdftex.def)             Requested size: 100.37537pt x 100.37453pt.

<out_test//zoo/decompressed_21-k5-h10^-4.png, id=83, 404.51125pt x 404.51125pt>
File: out_test//zoo/decompressed_21-k5-h10^-4.png Graphic file (type png)
<use out_test//zoo/decompressed_21-k5-h10^-4.png>
Package pdftex.def Info: out_test//zoo/decompressed_21-k5-h10^-4.png used on in
put line 296.
(pdftex.def)             Requested size: 100.37537pt x 100.37453pt.
File: image_test//zoo/2.jpg Graphic file (type jpg)
 <use image_test//zoo/2.jpg>
Package pdftex.def Info: image_test//zoo/2.jpg used on input line 303.
(pdftex.def)             Requested size: 100.37537pt x 100.37453pt.

<out_test//zoo/decompressed_22-k1-h10^-4.png, id=84, 404.51125pt x 404.51125pt>
File: out_test//zoo/decompressed_22-k1-h10^-4.png Graphic file (type png)
<use out_test//zoo/decompressed_22-k1-h10^-4.png>
Package pdftex.def Info: out_test//zoo/decompressed_22-k1-h10^-4.png used on in
put line 304.
(pdftex.def)             Requested size: 100.37537pt x 100.37453pt.

<out_test//zoo/decompressed_22-k5-h10^-4.png, id=85, 404.51125pt x 404.51125pt>
File: out_test//zoo/decompressed_22-k5-h10^-4.png Graphic file (type png)
<use out_test//zoo/decompressed_22-k5-h10^-4.png>
Package pdftex.def Info: out_test//zoo/decompressed_22-k5-h10^-4.png used on in
put line 305.
(pdftex.def)             Requested size: 100.37537pt x 100.37453pt.
File: image_test//zoo/3.jpg Graphic file (type jpg)
 <use image_test//zoo/3.jpg>
Package pdftex.def Info: image_test//zoo/3.jpg used on input line 312.
(pdftex.def)             Requested size: 100.37537pt x 100.37453pt.

<out_test//zoo/decompressed_23-k1-h10^-4.png, id=86, 404.51125pt x 404.51125pt>
File: out_test//zoo/decompressed_23-k1-h10^-4.png Graphic file (type png)
<use out_test//zoo/decompressed_23-k1-h10^-4.png>
Package pdftex.def Info: out_test//zoo/decompressed_23-k1-h10^-4.png used on in
put line 313.
(pdftex.def)             Requested size: 100.37537pt x 100.37453pt.

<out_test//zoo/decompressed_23-k5-h10^-4.png, id=87, 404.51125pt x 404.51125pt>
File: out_test//zoo/decompressed_23-k5-h10^-4.png Graphic file (type png)
<use out_test//zoo/decompressed_23-k5-h10^-4.png>
Package pdftex.def Info: out_test//zoo/decompressed_23-k5-h10^-4.png used on in
put line 314.
(pdftex.def)             Requested size: 100.37537pt x 100.37453pt.
 [12 <./out_test//zoo/decompressed_21-h10^-4.png (PNG copy)> <./out_test//zoo/d
ecompressed_21-k5-h10^-4.png (PNG copy)> <./out_test//zoo/decompressed_22-k1-h1
0^-4.png (PNG copy)> <./out_test//zoo/decompressed_22-k5-h10^-4.png (PNG copy)>
]
File: image_test//zoo/4.jpg Graphic file (type jpg)
 <use image_test//zoo/4.jpg>
Package pdftex.def Info: image_test//zoo/4.jpg used on input line 322.
(pdftex.def)             Requested size: 100.37537pt x 100.37453pt.

<out_test//zoo/decompressed_24-k1-h10^-4.png, id=91, 404.51125pt x 404.51125pt>
File: out_test//zoo/decompressed_24-k1-h10^-4.png Graphic file (type png)
<use out_test//zoo/decompressed_24-k1-h10^-4.png>
Package pdftex.def Info: out_test//zoo/decompressed_24-k1-h10^-4.png used on in
put line 323.
(pdftex.def)             Requested size: 100.37537pt x 100.37453pt.

<out_test//zoo/decompressed_24-k5-h10^-4.png, id=92, 404.51125pt x 404.51125pt>
File: out_test//zoo/decompressed_24-k5-h10^-4.png Graphic file (type png)
<use out_test//zoo/decompressed_24-k5-h10^-4.png>
Package pdftex.def Info: out_test//zoo/decompressed_24-k5-h10^-4.png used on in
put line 324.
(pdftex.def)             Requested size: 100.37537pt x 100.37453pt.
File: image_test//zoo/5.jpg Graphic file (type jpg)
 <use image_test//zoo/5.jpg>
Package pdftex.def Info: image_test//zoo/5.jpg used on input line 331.
(pdftex.def)             Requested size: 100.37537pt x 100.37453pt.

<out_test//zoo/decompressed_25-k1-h10^-4.png, id=93, 404.51125pt x 404.51125pt>
File: out_test//zoo/decompressed_25-k1-h10^-4.png Graphic file (type png)
<use out_test//zoo/decompressed_25-k1-h10^-4.png>
Package pdftex.def Info: out_test//zoo/decompressed_25-k1-h10^-4.png used on in
put line 332.
(pdftex.def)             Requested size: 100.37537pt x 100.37453pt.

<out_test//zoo/decompressed_25-k5-h10^-4.png, id=94, 404.51125pt x 404.51125pt>
File: out_test//zoo/decompressed_25-k5-h10^-4.png Graphic file (type png)
<use out_test//zoo/decompressed_25-k5-h10^-4.png>
Package pdftex.def Info: out_test//zoo/decompressed_25-k5-h10^-4.png used on in
put line 333.
(pdftex.def)             Requested size: 100.37537pt x 100.37453pt.
File: image_test//zoo/6.jpg Graphic file (type jpg)
 <use image_test//zoo/6.jpg>
Package pdftex.def Info: image_test//zoo/6.jpg used on input line 339.
(pdftex.def)             Requested size: 100.37537pt x 100.37453pt.

<out_test//zoo/decompressed_26-k1-h10^-4.png, id=95, 404.51125pt x 404.51125pt>
File: out_test//zoo/decompressed_26-k1-h10^-4.png Graphic file (type png)
<use out_test//zoo/decompressed_26-k1-h10^-4.png>
Package pdftex.def Info: out_test//zoo/decompressed_26-k1-h10^-4.png used on in
put line 340.
(pdftex.def)             Requested size: 100.37537pt x 100.37453pt.

<out_test//zoo/decompressed_26-k5-h10^-4.png, id=96, 404.51125pt x 404.51125pt>
File: out_test//zoo/decompressed_26-k5-h10^-4.png Graphic file (type png)
<use out_test//zoo/decompressed_26-k5-h10^-4.png>
Package pdftex.def Info: out_test//zoo/decompressed_26-k5-h10^-4.png used on in
put line 341.
(pdftex.def)             Requested size: 100.37537pt x 100.37453pt.
 [13 <./out_test//zoo/decompressed_23-k1-h10^-4.png (PNG copy)> <./out_test//zo
o/decompressed_23-k5-h10^-4.png (PNG copy)> <./out_test//zoo/decompressed_24-k1
-h10^-4.png (PNG copy)> <./out_test//zoo/decompressed_24-k5-h10^-4.png (PNG cop
y)> <./out_test//zoo/decompressed_25-k1-h10^-4.png (PNG copy)> <./out_test//zoo
/decompressed_25-k5-h10^-4.png (PNG copy)>]
File: image_test//zoo/k7.jpg Graphic file (type jpg)
 <use image_test//zoo/k7.jpg>
Package pdftex.def Info: image_test//zoo/k7.jpg used on input line 352.
(pdftex.def)             Requested size: 100.37537pt x 100.3746pt.

<out_test//zoo/decompressed_2-k7-h10^-4.png, id=100, 233.87375pt x 233.87375pt>
File: out_test//zoo/decompressed_2-k7-h10^-4.png Graphic file (type png)
<use out_test//zoo/decompressed_2-k7-h10^-4.png>
Package pdftex.def Info: out_test//zoo/decompressed_2-k7-h10^-4.png used on inp
ut line 353.
(pdftex.def)             Requested size: 100.37537pt x 100.3746pt.

<out_test//zoo/decompressed_2-k1-3-h10^-4.png, id=101, 233.87375pt x 233.87375p
t>
File: out_test//zoo/decompressed_2-k1-3-h10^-4.png Graphic file (type png)
 <use out_test//zoo/decompressed_2-k1-3-h10^-4.png>
Package pdftex.def Info: out_test//zoo/decompressed_2-k1-3-h10^-4.png used on i
nput line 354.
(pdftex.def)             Requested size: 100.37537pt x 100.3746pt.
File: image_test//jungle/image01.jpg Graphic file (type jpg)

<use image_test//jungle/image01.jpg>
Package pdftex.def Info: image_test//jungle/image01.jpg used on input line 363.

(pdftex.def)             Requested size: 100.37537pt x 100.37022pt.

<out_test//jungle/decompressed_21-k1-h10^-4.png, id=102, 496.85625pt x 496.8562
5pt>
File: out_test//jungle/decompressed_21-k1-h10^-4.png Graphic file (type png)
 <use out_test//jungle/decompressed_21-k1-h10^-4.png>
Package pdftex.def Info: out_test//jungle/decompressed_21-k1-h10^-4.png used on
 input line 364.
(pdftex.def)             Requested size: 100.37537pt x 100.37022pt.
 [14 <./out_test//zoo/decompressed_26-k1-h10^-4.png (PNG copy)> <./out_test//zo
o/decompressed_26-k5-h10^-4.png (PNG copy)> <./out_test//zoo/decompressed_2-k7-
h10^-4.png (PNG copy)> <./out_test//zoo/decompressed_2-k1-3-h10^-4.png (PNG cop
y)>]
File: image_test//jungle/image02.jpg Graphic file (type jpg)

<use image_test//jungle/image02.jpg>
Package pdftex.def Info: image_test//jungle/image02.jpg used on input line 370.

(pdftex.def)             Requested size: 100.37537pt x 100.37022pt.

<out_test//jungle/decompressed_22-k1-h10^-4.png, id=106, 496.85625pt x 496.8562
5pt>
File: out_test//jungle/decompressed_22-k1-h10^-4.png Graphic file (type png)
 <use out_test//jungle/decompressed_22-k1-h10^-4.png>
Package pdftex.def Info: out_test//jungle/decompressed_22-k1-h10^-4.png used on
 input line 371.
(pdftex.def)             Requested size: 100.37537pt x 100.37022pt.
File: image_test//jungle/image03.jpg Graphic file (type jpg)

<use image_test//jungle/image03.jpg>
Package pdftex.def Info: image_test//jungle/image03.jpg used on input line 377.

(pdftex.def)             Requested size: 100.37537pt x 100.37022pt.

<out_test//jungle/decompressed_23-k1-h10^-4.png, id=107, 496.85625pt x 496.8562
5pt>
File: out_test//jungle/decompressed_23-k1-h10^-4.png Graphic file (type png)
 <use out_test//jungle/decompressed_23-k1-h10^-4.png>
Package pdftex.def Info: out_test//jungle/decompressed_23-k1-h10^-4.png used on
 input line 378.
(pdftex.def)             Requested size: 100.37537pt x 100.37022pt.
File: image_test//jungle/image04.jpg Graphic file (type jpg)

<use image_test//jungle/image04.jpg>
Package pdftex.def Info: image_test//jungle/image04.jpg used on input line 384.

(pdftex.def)             Requested size: 100.37537pt x 100.37659pt.

<out_test//jungle/decompressed_24-k1-h10^-4.png, id=108, 496.85625pt x 496.8562
5pt>
File: out_test//jungle/decompressed_24-k1-h10^-4.png Graphic file (type png)
 <use out_test//jungle/decompressed_24-k1-h10^-4.png>
Package pdftex.def Info: out_test//jungle/decompressed_24-k1-h10^-4.png used on
 input line 385.
(pdftex.def)             Requested size: 100.37537pt x 100.37022pt.
 [15 <./out_test//jungle/decompressed_21-k1-h10^-4.png (PNG copy)> <./out_test/
/jungle/decompressed_22-k1-h10^-4.png (PNG copy)> <./out_test//jungle/decompres
sed_23-k1-h10^-4.png (PNG copy)>]
File: image_test//jungle/image01-k7.jpg Graphic file (type jpg)
 <use image_test//jungle/image01-k7.jpg>
Package pdftex.def Info: image_test//jungle/image01-k7.jpg used on input line 3
94.
(pdftex.def)             Requested size: 100.37537pt x 100.3744pt.

<out_test//jungle/decompressed_2-k7-h1.png, id=112, 490.83376pt x 490.83376pt>
File: out_test//jungle/decompressed_2-k7-h1.png Graphic file (type png)

<use out_test//jungle/decompressed_2-k7-h1.png>
Package pdftex.def Info: out_test//jungle/decompressed_2-k7-h1.png used on inpu
t line 395.
(pdftex.def)             Requested size: 100.37537pt x 100.3744pt.

<out_test//jungle/decompressed_2-k1-3-h1.png, id=113, 490.83376pt x 490.83376pt
>
File: out_test//jungle/decompressed_2-k1-3-h1.png Graphic file (type png)
 <use out_test//jungle/decompressed_2-k1-3-h1.png>
Package pdftex.def Info: out_test//jungle/decompressed_2-k1-3-h1.png used on in
put line 396.
(pdftex.def)             Requested size: 100.37537pt x 100.3744pt.
 [16 <./out_test//jungle/decompressed_24-k1-h10^-4.png (PNG copy)> <./out_test/
/jungle/decompressed_2-k7-h1.png (PNG copy)> <./out_test//jungle/decompressed_2
-k1-3-h1.png (PNG copy)>]
[17] (./relatorio.aux) ) 
Here is how much of TeX's memory you used:
 3912 strings out of 495028
 61117 string characters out of 6181496
 117684 words of memory out of 5000000
 7022 multiletter control sequences out of 15000+600000
 7164 words of font info for 28 fonts, out of 8000000 for 9000
 14 hyphenation exceptions out of 8191
 38i,13n,38p,1879b,298s stack positions out of 5000i,500n,10000p,200000b,80000s
</usr/share/texlive/texmf-dist/fonts/type1/public/amsfo
nts/cm/cmbx10.pfb></usr/share/texlive/texmf-dist/fonts/type1/public/amsfonts/cm
/cmbx12.pfb></usr/share/texlive/texmf-dist/fonts/type1/public/amsfonts/cm/cmex1
0.pfb></usr/share/texlive/texmf-dist/fonts/type1/public/amsfonts/cm/cmmi10.pfb>
</usr/share/texlive/texmf-dist/fonts/type1/public/amsfonts/cm/cmmi5.pfb></usr/s
hare/texlive/texmf-dist/fonts/type1/public/amsfonts/cm/cmmi7.pfb></usr/share/te
xlive/texmf-dist/fonts/type1/public/amsfonts/cm/cmr10.pfb></usr/share/texlive/t
exmf-dist/fonts/type1/public/amsfonts/cm/cmr12.pfb></usr/share/texlive/texmf-di
st/fonts/type1/public/amsfonts/cm/cmr7.pfb></usr/share/texlive/texmf-dist/fonts
/type1/public/amsfonts/cm/cmsy10.pfb></usr/share/texlive/texmf-dist/fonts/type1
/public/amsfonts/cm/cmsy7.pfb></usr/share/texlive/texmf-dist/fonts/type1/public
/amsfonts/symbols/msbm10.pfb>
Output written on relatorio.pdf (19 pages, 8252078 bytes).
PDF statistics:
 160 PDF objects out of 1000 (max. 8388607)
 80 compressed objects within 1 object stream
 0 named destinations out of 1000 (max. 500000)
 231 words of extra memory for PDF output out of 10000 (max. 10000000)

